=/pretest.json
{
  _: [],
  f: [
    '/home/runner/work/exp-tree-traversal-iiith/exp-tree-traversal-iiith/experiment/pretest.json'
  ],
  files: [
    '/home/runner/work/exp-tree-traversal-iiith/exp-tree-traversal-iiith/experiment/pretest.json'
  ],
  c: 'assessment',
  contentTypes: 'assessment',
  'content-types': 'assessment',
  '$0': 'validate'
}
Validated true
=/tree-traversals/basics-of-traversal-quiz.json
{
  _: [],
  f: [
    '/home/runner/work/exp-tree-traversal-iiith/exp-tree-traversal-iiith/experiment/tree-traversals/basics-of-traversal-quiz.json'
  ],
  files: [
    '/home/runner/work/exp-tree-traversal-iiith/exp-tree-traversal-iiith/experiment/tree-traversals/basics-of-traversal-quiz.json'
  ],
  c: 'assessment',
  contentTypes: 'assessment',
  'content-types': 'assessment',
  '$0': 'validate'
}
Validated true
=/depth-first-traversal/dfs-traversal-quiz.json
{
  _: [],
  f: [
    '/home/runner/work/exp-tree-traversal-iiith/exp-tree-traversal-iiith/experiment/depth-first-traversal/dfs-traversal-quiz.json'
  ],
  files: [
    '/home/runner/work/exp-tree-traversal-iiith/exp-tree-traversal-iiith/experiment/depth-first-traversal/dfs-traversal-quiz.json'
  ],
  c: 'assessment',
  contentTypes: 'assessment',
  'content-types': 'assessment',
  '$0': 'validate'
}
Validated true
=/reconstructing-binary-tree/tree-construction-quiz.json
{
  _: [],
  f: [
    '/home/runner/work/exp-tree-traversal-iiith/exp-tree-traversal-iiith/experiment/reconstructing-binary-tree/tree-construction-quiz.json'
  ],
  files: [
    '/home/runner/work/exp-tree-traversal-iiith/exp-tree-traversal-iiith/experiment/reconstructing-binary-tree/tree-construction-quiz.json'
  ],
  c: 'assessment',
  contentTypes: 'assessment',
  'content-types': 'assessment',
  '$0': 'validate'
}
Validated true
=/breadth-first-traversal/breadth-first-traversal-quiz.json
{
  _: [],
  f: [
    '/home/runner/work/exp-tree-traversal-iiith/exp-tree-traversal-iiith/experiment/breadth-first-traversal/breadth-first-traversal-quiz.json'
  ],
  files: [
    '/home/runner/work/exp-tree-traversal-iiith/exp-tree-traversal-iiith/experiment/breadth-first-traversal/breadth-first-traversal-quiz.json'
  ],
  c: 'assessment',
  contentTypes: 'assessment',
  'content-types': 'assessment',
  '$0': 'validate'
}
Validated true
=/posttest.json
{
  _: [],
  f: [
    '/home/runner/work/exp-tree-traversal-iiith/exp-tree-traversal-iiith/experiment/posttest.json'
  ],
  files: [
    '/home/runner/work/exp-tree-traversal-iiith/exp-tree-traversal-iiith/experiment/posttest.json'
  ],
  c: 'assessment',
  contentTypes: 'assessment',
  'content-types': 'assessment',
  '$0': 'validate'
}
Validated true
