code-assessment.html     http://outreach.vlabs.ac.in/
feedback.html     http://outreach.vlabs.ac.in/
further-reading-and-references.html     http://outreach.vlabs.ac.in/
index.html     http://outreach.vlabs.ac.in/
overview.html     http://outreach.vlabs.ac.in/
performance-report.html     http://vlab.co.in
posttest.html     http://outreach.vlabs.ac.in/
pretest.html     http://outreach.vlabs.ac.in/
validator-report.html     http://vlab.co.in
breadth-first-traversal/breadth-first-traversal-quiz.html     http://outreach.vlabs.ac.in/
breadth-first-traversal/breadth-first-traversal-theory.html     http://outreach.vlabs.ac.in/
breadth-first-traversal/index.html     http://outreach.vlabs.ac.in/
depth-first-traversal/depth-first-traversal-iterative.html     http://outreach.vlabs.ac.in/
depth-first-traversal/depth-first-traversal-recursive.html     http://outreach.vlabs.ac.in/
depth-first-traversal/dfs-traversal-quiz.html     http://outreach.vlabs.ac.in/
depth-first-traversal/index.html     http://outreach.vlabs.ac.in/
tree-traversals/basics-of-traversal-quiz.html     http://outreach.vlabs.ac.in/
tree-traversals/index.html     http://outreach.vlabs.ac.in/
tree-traversals/tree-traversals-basics.html     http://outreach.vlabs.ac.in/
reconstructing-binary-tree/from-inorder-and-postorder.html     http://outreach.vlabs.ac.in/
reconstructing-binary-tree/from-inorder-and-preorder.html     http://outreach.vlabs.ac.in/
reconstructing-binary-tree/index.html     http://outreach.vlabs.ac.in/
reconstructing-binary-tree/tree-construction-quiz.html     http://outreach.vlabs.ac.in/
