
/Users/joey/Documents/VirtualLabs/Data-Structures-1/exp-tree-traversal-iiith/experiment/Commonfunctions/demo-utils.js
    6:10  warning  'togglecolors' is defined but never used          no-unused-vars
    9:5   warning  'index' is assigned a value but never used        no-unused-vars
   27:11  warning  'd3' is not defined                               no-undef
   56:9   warning  'd3' is not defined                               no-undef
   72:5   warning  'd3' is not defined                               no-undef
  102:9   warning  'd3' is not defined                               no-undef
  159:9   warning  'linkWrapper' is assigned a value but never used  no-unused-vars
  183:5   warning  'd3' is not defined                               no-undef
  196:9   warning  'animX' is assigned a value but never used        no-unused-vars
  213:10  warning  'dft' is defined but never used                   no-unused-vars
  247:1   warning  'd3' is not defined                               no-undef
  261:18  warning  'animX1' is assigned to itself                    no-self-assign

/Users/joey/Documents/VirtualLabs/Data-Structures-1/exp-tree-traversal-iiith/experiment/Commonfunctions/exercise-utils.js
   42:5   warning  'd3' is not defined                                                        no-undef
   69:9   warning  'textTraversal' is assigned a value but never used                         no-unused-vars
   70:5   warning  'd3' is not defined                                                        no-undef
   71:15  warning  'd3' is not defined                                                        no-undef
  153:25  warning  Do not access Object.prototype method 'hasOwnProperty' from target object  no-prototype-builtins
  186:5   warning  'd3' is not defined                                                        no-undef
  200:5   warning  'd3' is not defined                                                        no-undef
  259:9   warning  'linkWrapper' is assigned a value but never used                           no-unused-vars
  272:5   warning  'd3' is not defined                                                        no-undef
  284:9   warning  'animX' is assigned a value but never used                                 no-unused-vars
  296:5   warning  'animX1' is assigned a value but never used                                no-unused-vars

/Users/joey/Documents/VirtualLabs/Data-Structures-1/exp-tree-traversal-iiith/experiment/Commonfunctions/practice-utils.js
    7:10  warning  'togglecolors' is defined but never used            no-unused-vars
   26:9   warning  'textTraversal' is assigned a value but never used  no-unused-vars
   27:5   warning  'd3' is not defined                                 no-undef
   28:15  warning  'd3' is not defined                                 no-undef
  115:3   warning  'd3' is not defined                                 no-undef
  168:7   warning  'linkWrapper' is assigned a value but never used    no-unused-vars
  181:3   warning  'd3' is not defined                                 no-undef
  189:3   warning  'd3' is not defined                                 no-undef
  194:8   warning  'd3' is not defined                                 no-undef
  210:9   warning  'animX' is assigned a value but never used          no-unused-vars
  229:5   warning  'animX1' is assigned a value but never used         no-unused-vars

/Users/joey/Documents/VirtualLabs/Data-Structures-1/exp-tree-traversal-iiith/experiment/breadth-first-traversal/simulation/assets/js/iframeResize.js
   1:40  warning  'ob' is defined but never used                                             no-unused-vars
   3:1   warning  Mixed spaces and tabs                                                      no-mixed-spaces-and-tabs
   4:1   warning  Mixed spaces and tabs                                                      no-mixed-spaces-and-tabs
   5:2   warning  Mixed spaces and tabs                                                      no-mixed-spaces-and-tabs
   6:1   warning  Mixed spaces and tabs                                                      no-mixed-spaces-and-tabs
  23:16  warning  Do not access Object.prototype method 'hasOwnProperty' from target object  no-prototype-builtins
  26:1   warning  Mixed spaces and tabs                                                      no-mixed-spaces-and-tabs

/Users/joey/Documents/VirtualLabs/Data-Structures-1/exp-tree-traversal-iiith/experiment/breadth-first-traversal/simulation/js/data.js
  14:1  warning  Mixed spaces and tabs  no-mixed-spaces-and-tabs

/Users/joey/Documents/VirtualLabs/Data-Structures-1/exp-tree-traversal-iiith/experiment/breadth-first-traversal/simulation/js/globalvariables.js
  12:19  warning  'd3' is not defined    no-undef
  13:7   warning  'd3' is not defined    no-undef
  18:8   warning  Unnecessary semicolon  no-extra-semi
  19:2   warning  Unnecessary semicolon  no-extra-semi

/Users/joey/Documents/VirtualLabs/Data-Structures-1/exp-tree-traversal-iiith/experiment/breadth-first-traversal/simulation/js/main-demo.js
    3:10  warning  'togglecolors' is defined but never used          no-unused-vars
    5:10  warning  'change' is defined but never used                no-unused-vars
   20:11  warning  'd3' is not defined                               no-undef
   47:9   warning  'd3' is not defined                               no-undef
   48:9   warning  'i' is read-only                                  no-import-assign
   63:5   warning  'd3' is not defined                               no-undef
   94:9   warning  'd3' is not defined                               no-undef
  151:9   warning  'linkWrapper' is assigned a value but never used  no-unused-vars
  175:5   warning  'd3' is not defined                               no-undef
  188:9   warning  'animX' is assigned a value but never used        no-unused-vars
  206:10  warning  'dft' is defined but never used                   no-unused-vars
  241:1   warning  'd3' is not defined                               no-undef
  255:18  warning  'animX1' is assigned to itself                    no-self-assign

/Users/joey/Documents/VirtualLabs/Data-Structures-1/exp-tree-traversal-iiith/experiment/breadth-first-traversal/simulation/js/realization.js
    1:5  warning  'realizationCatalog' is assigned a value but never used  no-unused-vars
  121:3  warning  Duplicate key 'Traversal Video Introduction'             no-dupe-keys
  126:3  warning  Duplicate key 'Basics of DFT'                            no-dupe-keys
  131:3  warning  Duplicate key 'Basics of BFT'                            no-dupe-keys

/Users/joey/Documents/VirtualLabs/Data-Structures-1/exp-tree-traversal-iiith/experiment/breadth-first-traversal/simulation/js/traversals-demo.js
   7:10  warning  'animX1' is assigned a value but never used  no-unused-vars
  18:7   warning  'animX1' is assigned a value but never used  no-unused-vars
  29:9   warning  'animX1' is assigned a value but never used  no-unused-vars

/Users/joey/Documents/VirtualLabs/Data-Structures-1/exp-tree-traversal-iiith/experiment/breadth-first-traversal/simulation/js/traversals.js
  33:5  warning  'animX1' is not defined          no-undef
  34:5  warning  'resetTraversal' is not defined  no-undef
  44:3  warning  'animX1' is not defined          no-undef
  45:3  warning  'resetTraversal' is not defined  no-undef
  55:5  warning  'animX1' is not defined          no-undef
  56:5  warning  'resetTraversal' is not defined  no-undef

/Users/joey/Documents/VirtualLabs/Data-Structures-1/exp-tree-traversal-iiith/experiment/depth-first-traversal/simulation/assets/js/iframeResize.js
   1:40  warning  'ob' is defined but never used                                             no-unused-vars
   3:1   warning  Mixed spaces and tabs                                                      no-mixed-spaces-and-tabs
   4:1   warning  Mixed spaces and tabs                                                      no-mixed-spaces-and-tabs
   5:2   warning  Mixed spaces and tabs                                                      no-mixed-spaces-and-tabs
   6:1   warning  Mixed spaces and tabs                                                      no-mixed-spaces-and-tabs
  23:16  warning  Do not access Object.prototype method 'hasOwnProperty' from target object  no-prototype-builtins
  26:1   warning  Mixed spaces and tabs                                                      no-mixed-spaces-and-tabs

/Users/joey/Documents/VirtualLabs/Data-Structures-1/exp-tree-traversal-iiith/experiment/depth-first-traversal/simulation/js/data.js
  14:1  warning  Mixed spaces and tabs  no-mixed-spaces-and-tabs

/Users/joey/Documents/VirtualLabs/Data-Structures-1/exp-tree-traversal-iiith/experiment/depth-first-traversal/simulation/js/globalvariables.js
  12:19  warning  'd3' is not defined    no-undef
  13:7   warning  'd3' is not defined    no-undef
  18:8   warning  Unnecessary semicolon  no-extra-semi
  19:2   warning  Unnecessary semicolon  no-extra-semi

/Users/joey/Documents/VirtualLabs/Data-Structures-1/exp-tree-traversal-iiith/experiment/depth-first-traversal/simulation/js/realization.js
    1:5  warning  'realizationCatalog' is assigned a value but never used  no-unused-vars
  121:3  warning  Duplicate key 'Traversal Video Introduction'             no-dupe-keys
  126:3  warning  Duplicate key 'Basics of DFT'                            no-dupe-keys
  131:3  warning  Duplicate key 'Basics of BFT'                            no-dupe-keys

/Users/joey/Documents/VirtualLabs/Data-Structures-1/exp-tree-traversal-iiith/experiment/depth-first-traversal/simulation/js/traversals-demo.js
   7:10  warning  'animX1' is assigned a value but never used  no-unused-vars
  18:7   warning  'animX1' is assigned a value but never used  no-unused-vars
  29:9   warning  'animX1' is assigned a value but never used  no-unused-vars

/Users/joey/Documents/VirtualLabs/Data-Structures-1/exp-tree-traversal-iiith/experiment/depth-first-traversal/simulation/js/traversals.js
   1:10  warning  'resetTraversal' is defined but never used   no-unused-vars
  36:10  warning  'animX1' is assigned a value but never used  no-unused-vars
  47:7   warning  'animX1' is assigned a value but never used  no-unused-vars
  58:9   warning  'animX1' is assigned a value but never used  no-unused-vars

/Users/joey/Documents/VirtualLabs/Data-Structures-1/exp-tree-traversal-iiith/experiment/depth-first-traversal/simulation/js/treeExercise.js
    8:5   warning  'textTraversal' is not defined                    no-undef
    9:5   warning  'd3' is not defined                               no-undef
   10:5   warning  'svg' is not defined                              no-undef
   10:11  warning  'd3' is not defined                               no-undef
   12:20  warning  'tree_traversal' is not defined                   no-undef
   12:43  warning  'tree_traversal' is not defined                   no-undef
   12:73  warning  'tree_traversal' is not defined                   no-undef
   13:21  warning  'tree_traversal' is not defined                   no-undef
   13:45  warning  'tree_traversal' is not defined                   no-undef
   13:73  warning  'tree_traversal' is not defined                   no-undef
   16:39  warning  'tree_traversal' is not defined                   no-undef
   16:74  warning  'tree_traversal' is not defined                   no-undef
   18:20  warning  'treeData' is not defined                         no-undef
   20:5   warning  'root' is not defined                             no-undef
   20:11  warning  'treeData' is not defined                         no-undef
   21:12  warning  'treeData' is not defined                         no-undef
   22:44  warning  'preorder' is not defined                         no-undef
   30:5   warning  'tree_traversal' is not defined                   no-undef
   41:9   warning  'tree_traversal' is not defined                   no-undef
   42:14  warning  'i' is not defined                                no-undef
   42:21  warning  'i' is not defined                                no-undef
   42:25  warning  'tree_traversal' is not defined                   no-undef
   42:61  warning  'i' is not defined                                no-undef
   43:37  warning  'tree_traversal' is not defined                   no-undef
   43:65  warning  'i' is not defined                                no-undef
   45:9   warning  'tree_traversal' is not defined                   no-undef
   47:5   warning  'tree_traversal' is not defined                   no-undef
   48:5   warning  'tree_traversal' is not defined                   no-undef
   49:5   warning  'index' is not defined                            no-undef
   52:5   warning  'd3' is not defined                               no-undef
   53:32  warning  'tree_traversal' is not defined                   no-undef
   76:12  warning  'submit' is defined but never used                no-unused-vars
   77:12  warning  'index' is not defined                            no-undef
   77:20  warning  'tree_traversal' is not defined                   no-undef
   78:12  warning  'tree_traversal' is not defined                   no-undef
   94:4   warning  'tree_traversal' is not defined                   no-undef
   98:5   warning  'index' is not defined                            no-undef
   99:8   warning  'index' is not defined                            no-undef
   99:16  warning  'tree_traversal' is not defined                   no-undef
  102:22  warning  'tree_traversal' is not defined                   no-undef
  102:51  warning  'index' is not defined                            no-undef
  104:9   warning  'tree_traversal' is not defined                   no-undef
  115:17  warning  'tree_traversal' is not defined                   no-undef
  116:17  warning  'tree_traversal' is not defined                   no-undef
  120:18  warning  'svg' is not defined                              no-undef
  122:38  warning  'i' is not defined                                no-undef
  144:15  warning  'i' is not defined                                no-undef
  163:9   warning  'linkWrapper' is assigned a value but never used  no-unused-vars
  163:23  warning  'svg' is not defined                              no-undef
  176:5   warning  'd3' is not defined                               no-undef
  183:9   warning  'tree_traversal' is not defined                   no-undef
  183:38  warning  'index' is not defined                            no-undef
  187:5   warning  'd3' is not defined                               no-undef
  188:32  warning  'tree_traversal' is not defined                   no-undef
  188:67  warning  'tree_traversal' is not defined                   no-undef
  191:9   warning  'd3' is not defined                               no-undef
  192:14  warning  'tree_traversal' is not defined                   no-undef
  194:5   warning  'tree_traversal' is not defined                   no-undef
  204:5   warning  'tree_traversal' is not defined                   no-undef
  206:9   warning  'animX' is assigned a value but never used        no-unused-vars
  207:16  warning  'root' is not defined                             no-undef
  211:9   warning  'tree_traversal' is not defined                   no-undef
  212:21  warning  'tree_traversal' is not defined                   no-undef
  220:5   warning  'animX1' is assigned a value but never used       no-unused-vars
  224:12  warning  'recursiveInorder' is defined but never used      no-unused-vars
  228:14  warning  'tree_traversal' is not defined                   no-undef
  229:32  warning  'tree_traversal' is not defined                   no-undef
  234:11  warning  'recursivePreorder' is defined but never used     no-unused-vars
  237:9   warning  'tree_traversal' is not defined                   no-undef
  244:11  warning  'recursivePostorder' is defined but never used    no-unused-vars
  251:14  warning  'tree_traversal' is not defined                   no-undef
  259:10  warning  'generateG' is defined but never used             no-unused-vars
  262:44  warning  'preorder' is not defined                         no-undef
  265:10  warning  'reset' is defined but never used                 no-unused-vars
  267:44  warning  'preorder' is not defined                         no-undef

/Users/joey/Documents/VirtualLabs/Data-Structures-1/exp-tree-traversal-iiith/experiment/depth-first-traversal/simulation/js/treePractice.js
    1:10   warning  'change' is defined but never used                  no-unused-vars
    6:55   warning  'inorder' is not defined                            no-undef
    7:56   warning  'preorder' is not defined                           no-undef
    8:57   warning  'postorder' is not defined                          no-undef
   14:5    warning  'textTraversal' is not defined                      no-undef
   15:5    warning  'd3' is not defined                                 no-undef
   16:5    warning  'svg' is not defined                                no-undef
   16:11   warning  'd3' is not defined                                 no-undef
   18:20   warning  'tree_traversal' is not defined                     no-undef
   18:43   warning  'tree_traversal' is not defined                     no-undef
   18:73   warning  'tree_traversal' is not defined                     no-undef
   19:21   warning  'tree_traversal' is not defined                     no-undef
   19:45   warning  'tree_traversal' is not defined                     no-undef
   19:73   warning  'tree_traversal' is not defined                     no-undef
   22:39   warning  'tree_traversal' is not defined                     no-undef
   22:74   warning  'tree_traversal' is not defined                     no-undef
   24:20   warning  'treeData' is not defined                           no-undef
   26:5    warning  'root' is not defined                               no-undef
   26:11   warning  'treeData' is not defined                           no-undef
   27:12   warning  'treeData' is not defined                           no-undef
   29:6    warning  'tree_traversal' is not defined                     no-undef
   31:57   warning  'inorder' is not defined                            no-undef
   32:58   warning  'preorder' is not defined                           no-undef
   33:59   warning  'postorder' is not defined                          no-undef
   36:3    warning  'tree_traversal' is not defined                     no-undef
   41:1    warning  'tree_traversal' is not defined                     no-undef
   43:6    warning  'tree_traversal' is not defined                     no-undef
   49:3    warning  'index' is not defined                              no-undef
   50:6    warning  'index' is not defined                              no-undef
   50:14   warning  'tree_traversal' is not defined                     no-undef
   55:19   warning  'tree_traversal' is not defined                     no-undef
   55:48   warning  'index' is not defined                              no-undef
   57:8    warning  'tree_traversal' is not defined                     no-undef
   57:37   warning  'index' is not defined                              no-undef
   60:9    warning  'traversaltype' is assigned a value but never used  no-unused-vars
   61:115  warning  'tree_traversal' is not defined                     no-undef
   61:144  warning  'index' is not defined                              no-undef
   62:5    warning  'tree_traversal' is not defined                     no-undef
   63:5    warning  'index' is not defined                              no-undef
   90:6    warning  'tree_traversal' is not defined                     no-undef
   92:9    warning  'i' is not defined                                  no-undef
   92:13   warning  'i' is not defined                                  no-undef
   92:15   warning  'tree_traversal' is not defined                     no-undef
   92:50   warning  'i' is not defined                                  no-undef
   94:31   warning  'tree_traversal' is not defined                     no-undef
   94:59   warning  'i' is not defined                                  no-undef
   96:5    warning  'tree_traversal' is not defined                     no-undef
   98:3    warning  'tree_traversal' is not defined                     no-undef
   99:3    warning  'tree_traversal' is not defined                     no-undef
  100:3    warning  'index' is not defined                              no-undef
  103:3    warning  'd3' is not defined                                 no-undef
  104:26   warning  'tree_traversal' is not defined                     no-undef
  131:15   warning  'tree_traversal' is not defined                     no-undef
  132:11   warning  'tree_traversal' is not defined                     no-undef
  134:16   warning  'svg' is not defined                                no-undef
  135:54   warning  'i' is not defined                                  no-undef
  147:9    warning  'i' is not defined                                  no-undef
  156:7    warning  'linkWrapper' is assigned a value but never used    no-unused-vars
  156:21   warning  'svg' is not defined                                no-undef
  169:3    warning  'd3' is not defined                                 no-undef
  174:8    warning  'tree_traversal' is not defined                     no-undef
  174:37   warning  'index' is not defined                              no-undef
  177:3    warning  'd3' is not defined                                 no-undef
  178:28   warning  'tree_traversal' is not defined                     no-undef
  178:63   warning  'tree_traversal' is not defined                     no-undef
  182:8    warning  'd3' is not defined                                 no-undef
  183:12   warning  'tree_traversal' is not defined                     no-undef
  185:3    warning  'tree_traversal' is not defined                     no-undef
  196:5    warning  'tree_traversal' is not defined                     no-undef
  198:9    warning  'animX' is assigned a value but never used          no-unused-vars
  199:16   warning  'root' is not defined                               no-undef
  204:9    warning  'tree_traversal' is not defined                     no-undef
  205:21   warning  'tree_traversal' is not defined                     no-undef
  218:5    warning  'animX1' is assigned a value but never used         no-unused-vars
  219:10   warning  'recursiveInorder' is defined but never used        no-unused-vars
  223:4    warning  'tree_traversal' is not defined                     no-undef
  224:25   warning  'tree_traversal' is not defined                     no-undef
  231:10   warning  'recursivePreorder' is defined but never used       no-unused-vars
  236:5    warning  'tree_traversal' is not defined                     no-undef
  243:10   warning  'recursivePostorder' is defined but never used      no-unused-vars
  252:6    warning  'tree_traversal' is not defined                     no-undef
  258:10   warning  'generateG' is defined but never used               no-unused-vars

✖ 252 problems (0 errors, 252 warnings)
  0 errors and 4 warnings potentially fixable with the `--fix` option.

